VirtualBox XPCOM Server 5.1.22 r115126 linux.amd64 (May  9 2017 19:27:33) release log
00:00:00.068655 main     Log opened 2017-08-11T12:45:53.540880000Z
00:00:00.068657 main     Build Type: release
00:00:00.068660 main     OS Product: Linux
00:00:00.068661 main     OS Release: 4.10.17-2-MANJARO
00:00:00.068662 main     OS Version: #1 SMP PREEMPT Sun May 21 11:02:41 UTC 2017
00:00:00.068688 main     DMI Product Name: Z87N-WIFI
00:00:00.068694 main     DMI Product Version: To be filled by O.E.M.
00:00:00.068732 main     Host RAM: 7877MB (7.6GB) total, 1764MB available
00:00:00.068736 main     Executable: /usr/lib/virtualbox/VBoxSVC
00:00:00.068736 main     Process ID: 23788
00:00:00.068737 main     Package type: LINUX_64BITS_GENERIC (OSE)
00:00:00.070377 main     IPC socket path: /tmp/.vbox-yarik-ipc/ipcd
00:00:00.289302 nspr-2   VirtualBox: object creation starts
00:00:00.313443 nspr-2   Home directory: '/home/yarik/.config/VirtualBox'
00:00:00.326079 nspr-2   Loading settings file "/home/yarik/.config/VirtualBox/VirtualBox.xml" with version "1.12-linux"
00:00:00.381571 nspr-2   NAT: resolv.conf: nameserver 192.168.1.1
00:00:00.381589 nspr-2   NAT: resolv.conf: nameserver 195.12.59.93
00:00:00.381591 nspr-2   NAT: resolv.conf: nameserver 195.12.56.1
00:00:00.381598 nspr-2   HostDnsMonitor: old information
00:00:00.381600 nspr-2     no server entries
00:00:00.381601 nspr-2     no domain set
00:00:00.381603 nspr-2     no search string entries
00:00:00.381604 nspr-2   HostDnsMonitor: new information
00:00:00.381605 nspr-2     server 1: 192.168.1.1
00:00:00.381607 nspr-2     server 2: 195.12.59.93
00:00:00.381608 nspr-2     server 3: 195.12.56.1
00:00:00.381610 nspr-2     no domain set
00:00:00.381611 nspr-2     no search string entries
00:00:00.381615 nspr-2   HostDnsMonitorProxy::notify
00:00:01.045524 nspr-2   VD: VDInit finished
00:00:01.076183 nspr-2   ERROR [COM]: aRC=NS_ERROR_FAILURE (0x80004005) aIID={0eb668d2-495e-5a36-8890-29999b5f030c} aComponent={SystemPropertiesWrap} aText={Cannot determine default Guest Additions ISO location. Most likely they are not available}, preserve=false aResultDetail=0
00:00:01.121271 nspr-2   Loading settings file "/home/yarik/VirtualBox VMs/vag_default_1490013724188_73350/vag_default_1490013724188_73350.vbox" with version "1.12-linux"
00:00:01.149452 nspr-2   Loading settings file "/home/yarik/VirtualBox VMs/decedu_default_1490612560374_22841/decedu_default_1490612560374_22841.vbox" with version "1.12-linux"
00:00:01.174772 nspr-2   Loading settings file "/home/yarik/VirtualBox VMs/DC_default_1490622727829_86711/DC_default_1490622727829_86711.vbox" with version "1.12-linux"
00:00:01.201384 nspr-2   Loading settings file "/home/yarik/VirtualBox VMs/DC_default_1490625389789_19464/DC_default_1490625389789_19464.vbox" with version "1.12-linux"
00:00:01.228816 nspr-2   Loading settings file "/home/yarik/VirtualBox VMs/DC_default_1490627475242_35471/DC_default_1490627475242_35471.vbox" with version "1.12-linux"
00:00:01.254584 nspr-2   Loading settings file "/home/yarik/VirtualBox VMs/DC_default_1490681122824_72775/DC_default_1490681122824_72775.vbox" with version "1.12-linux"
00:00:01.279642 nspr-2   Loading settings file "/home/yarik/VirtualBox VMs/scholar_default_1492161976151_64928/scholar_default_1492161976151_64928.vbox" with version "1.12-linux"
00:00:01.305593 nspr-2   Loading settings file "/home/yarik/VirtualBox VMs/scholar_default_1492162651366_79215/scholar_default_1492162651366_79215.vbox" with version "1.12-linux"
00:00:01.322181 nspr-2   Loading settings file "/home/yarik/VirtualBox VMs/scholar_default_1492163315779_39011/scholar_default_1492163315779_39011.vbox" with version "1.12-linux"
00:00:01.347869 nspr-2   Loading settings file "/home/yarik/VirtualBox VMs/scholar_default_1492163832079_18616/scholar_default_1492163832079_18616.vbox" with version "1.12-linux"
00:00:01.385472 nspr-2   Loading settings file "/home/yarik/VirtualBox VMs/scholar_default_1492164050932_46928/scholar_default_1492164050932_46928.vbox" with version "1.12-linux"
00:00:01.419300 nspr-2   Loading settings file "/home/yarik/VirtualBox VMs/scholar_default_1492164425493_98025/scholar_default_1492164425493_98025.vbox" with version "1.12-linux"
00:00:01.435175 nspr-2   Loading settings file "/home/yarik/VirtualBox VMs/scholar_default_1492693327455_40783/scholar_default_1492693327455_40783.vbox" with version "1.12-linux"
00:00:01.458554 nspr-2   Loading settings file "/home/yarik/VirtualBox VMs/hs/hs.vbox" with version "1.15-linux"
00:00:01.459187 nspr-2   VirtualBox: object created
00:00:01.544379 nspr-3   WARNING [COM]: aRC=NS_ERROR_FAILURE (0x80004005) aIID={afca788c-4477-787d-60b2-3fa70e56fbbc} aComponent={HostWrap} aText={VirtualBox is not currently allowed to access USB devices.  You can change this by adding your user to the 'vboxusers' group.  Please see the user manual for a more detailed explanation}, preserve=true  aResultDetail=0
00:00:01.544529 nspr-2   WARNING [COM]: aRC=NS_ERROR_FAILURE (0x80004005) aIID={afca788c-4477-787d-60b2-3fa70e56fbbc} aComponent={HostWrap} aText={VirtualBox is not currently allowed to access USB devices.  You can change this by adding your user to the 'vboxusers' group.  Please see the user manual for a more detailed explanation}, preserve=true  aResultDetail=0
00:00:01.545696 nspr-3   ERROR [COM]: aRC=NS_ERROR_FAILURE (0x80004005) aIID={b2547866-a0a1-4391-8b86-6952d82efaa0} aComponent={SessionMachine} aText={This machine does not have any snapshots}, preserve=false aResultDetail=0
00:00:01.666521 nspr-3   WARNING [COM]: aRC=NS_ERROR_FAILURE (0x80004005) aIID={afca788c-4477-787d-60b2-3fa70e56fbbc} aComponent={HostWrap} aText={VirtualBox is not currently allowed to access USB devices.  You can change this by adding your user to the 'vboxusers' group.  Please see the user manual for a more detailed explanation}, preserve=true  aResultDetail=0
00:00:01.666616 nspr-2   WARNING [COM]: aRC=NS_ERROR_FAILURE (0x80004005) aIID={afca788c-4477-787d-60b2-3fa70e56fbbc} aComponent={HostWrap} aText={VirtualBox is not currently allowed to access USB devices.  You can change this by adding your user to the 'vboxusers' group.  Please see the user manual for a more detailed explanation}, preserve=true  aResultDetail=0
00:00:01.667631 nspr-3   ERROR [COM]: aRC=NS_ERROR_FAILURE (0x80004005) aIID={b2547866-a0a1-4391-8b86-6952d82efaa0} aComponent={SessionMachine} aText={This machine does not have any snapshots}, preserve=false aResultDetail=0
00:00:01.910737 nspr-3   WARNING [COM]: aRC=NS_ERROR_FAILURE (0x80004005) aIID={afca788c-4477-787d-60b2-3fa70e56fbbc} aComponent={HostWrap} aText={VirtualBox is not currently allowed to access USB devices.  You can change this by adding your user to the 'vboxusers' group.  Please see the user manual for a more detailed explanation}, preserve=true  aResultDetail=0
00:00:01.910822 nspr-2   WARNING [COM]: aRC=NS_ERROR_FAILURE (0x80004005) aIID={afca788c-4477-787d-60b2-3fa70e56fbbc} aComponent={HostWrap} aText={VirtualBox is not currently allowed to access USB devices.  You can change this by adding your user to the 'vboxusers' group.  Please see the user manual for a more detailed explanation}, preserve=true  aResultDetail=0
00:00:01.911848 nspr-3   ERROR [COM]: aRC=NS_ERROR_FAILURE (0x80004005) aIID={b2547866-a0a1-4391-8b86-6952d82efaa0} aComponent={SessionMachine} aText={This machine does not have any snapshots}, preserve=false aResultDetail=0
00:00:01.996418 nspr-3   WARNING [COM]: aRC=NS_ERROR_FAILURE (0x80004005) aIID={afca788c-4477-787d-60b2-3fa70e56fbbc} aComponent={HostWrap} aText={VirtualBox is not currently allowed to access USB devices.  You can change this by adding your user to the 'vboxusers' group.  Please see the user manual for a more detailed explanation}, preserve=true  aResultDetail=0
00:00:01.996508 nspr-2   WARNING [COM]: aRC=NS_ERROR_FAILURE (0x80004005) aIID={afca788c-4477-787d-60b2-3fa70e56fbbc} aComponent={HostWrap} aText={VirtualBox is not currently allowed to access USB devices.  You can change this by adding your user to the 'vboxusers' group.  Please see the user manual for a more detailed explanation}, preserve=true  aResultDetail=0
00:00:01.997658 nspr-3   ERROR [COM]: aRC=NS_ERROR_FAILURE (0x80004005) aIID={b2547866-a0a1-4391-8b86-6952d82efaa0} aComponent={SessionMachine} aText={This machine does not have any snapshots}, preserve=false aResultDetail=0
00:00:02.154495 nspr-3   WARNING [COM]: aRC=NS_ERROR_FAILURE (0x80004005) aIID={afca788c-4477-787d-60b2-3fa70e56fbbc} aComponent={HostWrap} aText={VirtualBox is not currently allowed to access USB devices.  You can change this by adding your user to the 'vboxusers' group.  Please see the user manual for a more detailed explanation}, preserve=true  aResultDetail=0
00:00:02.154585 nspr-2   WARNING [COM]: aRC=NS_ERROR_FAILURE (0x80004005) aIID={afca788c-4477-787d-60b2-3fa70e56fbbc} aComponent={HostWrap} aText={VirtualBox is not currently allowed to access USB devices.  You can change this by adding your user to the 'vboxusers' group.  Please see the user manual for a more detailed explanation}, preserve=true  aResultDetail=0
00:00:02.155921 nspr-3   ERROR [COM]: aRC=NS_ERROR_FAILURE (0x80004005) aIID={b2547866-a0a1-4391-8b86-6952d82efaa0} aComponent={SessionMachine} aText={This machine does not have any snapshots}, preserve=false aResultDetail=0
00:00:02.245644 nspr-3   WARNING [COM]: aRC=NS_ERROR_FAILURE (0x80004005) aIID={afca788c-4477-787d-60b2-3fa70e56fbbc} aComponent={HostWrap} aText={VirtualBox is not currently allowed to access USB devices.  You can change this by adding your user to the 'vboxusers' group.  Please see the user manual for a more detailed explanation}, preserve=true  aResultDetail=0
00:00:02.245717 nspr-2   WARNING [COM]: aRC=NS_ERROR_FAILURE (0x80004005) aIID={afca788c-4477-787d-60b2-3fa70e56fbbc} aComponent={HostWrap} aText={VirtualBox is not currently allowed to access USB devices.  You can change this by adding your user to the 'vboxusers' group.  Please see the user manual for a more detailed explanation}, preserve=true  aResultDetail=0
00:00:02.246658 nspr-3   ERROR [COM]: aRC=NS_ERROR_FAILURE (0x80004005) aIID={b2547866-a0a1-4391-8b86-6952d82efaa0} aComponent={SessionMachine} aText={This machine does not have any snapshots}, preserve=false aResultDetail=0
00:00:03.884971 nspr-3   WARNING [COM]: aRC=NS_ERROR_FAILURE (0x80004005) aIID={afca788c-4477-787d-60b2-3fa70e56fbbc} aComponent={HostWrap} aText={VirtualBox is not currently allowed to access USB devices.  You can change this by adding your user to the 'vboxusers' group.  Please see the user manual for a more detailed explanation}, preserve=true  aResultDetail=0
00:00:03.885082 nspr-2   WARNING [COM]: aRC=NS_ERROR_FAILURE (0x80004005) aIID={afca788c-4477-787d-60b2-3fa70e56fbbc} aComponent={HostWrap} aText={VirtualBox is not currently allowed to access USB devices.  You can change this by adding your user to the 'vboxusers' group.  Please see the user manual for a more detailed explanation}, preserve=true  aResultDetail=0
00:00:03.886085 nspr-3   ERROR [COM]: aRC=NS_ERROR_FAILURE (0x80004005) aIID={b2547866-a0a1-4391-8b86-6952d82efaa0} aComponent={SessionMachine} aText={This machine does not have any snapshots}, preserve=false aResultDetail=0
00:00:03.949750 nspr-3   WARNING [COM]: aRC=NS_ERROR_FAILURE (0x80004005) aIID={afca788c-4477-787d-60b2-3fa70e56fbbc} aComponent={HostWrap} aText={VirtualBox is not currently allowed to access USB devices.  You can change this by adding your user to the 'vboxusers' group.  Please see the user manual for a more detailed explanation}, preserve=true  aResultDetail=0
00:00:03.949823 nspr-2   WARNING [COM]: aRC=NS_ERROR_FAILURE (0x80004005) aIID={afca788c-4477-787d-60b2-3fa70e56fbbc} aComponent={HostWrap} aText={VirtualBox is not currently allowed to access USB devices.  You can change this by adding your user to the 'vboxusers' group.  Please see the user manual for a more detailed explanation}, preserve=true  aResultDetail=0
00:00:03.950759 nspr-3   ERROR [COM]: aRC=NS_ERROR_FAILURE (0x80004005) aIID={b2547866-a0a1-4391-8b86-6952d82efaa0} aComponent={SessionMachine} aText={This machine does not have any snapshots}, preserve=false aResultDetail=0
00:00:04.010217 nspr-3   WARNING [COM]: aRC=NS_ERROR_FAILURE (0x80004005) aIID={afca788c-4477-787d-60b2-3fa70e56fbbc} aComponent={HostWrap} aText={VirtualBox is not currently allowed to access USB devices.  You can change this by adding your user to the 'vboxusers' group.  Please see the user manual for a more detailed explanation}, preserve=true  aResultDetail=0
00:00:04.010346 nspr-2   WARNING [COM]: aRC=NS_ERROR_FAILURE (0x80004005) aIID={afca788c-4477-787d-60b2-3fa70e56fbbc} aComponent={HostWrap} aText={VirtualBox is not currently allowed to access USB devices.  You can change this by adding your user to the 'vboxusers' group.  Please see the user manual for a more detailed explanation}, preserve=true  aResultDetail=0
00:00:04.011859 nspr-3   ERROR [COM]: aRC=NS_ERROR_FAILURE (0x80004005) aIID={b2547866-a0a1-4391-8b86-6952d82efaa0} aComponent={SessionMachine} aText={This machine does not have any snapshots}, preserve=false aResultDetail=0
00:00:04.105887 nspr-3   WARNING [COM]: aRC=NS_ERROR_FAILURE (0x80004005) aIID={afca788c-4477-787d-60b2-3fa70e56fbbc} aComponent={HostWrap} aText={VirtualBox is not currently allowed to access USB devices.  You can change this by adding your user to the 'vboxusers' group.  Please see the user manual for a more detailed explanation}, preserve=true  aResultDetail=0
00:00:04.105961 nspr-2   WARNING [COM]: aRC=NS_ERROR_FAILURE (0x80004005) aIID={afca788c-4477-787d-60b2-3fa70e56fbbc} aComponent={HostWrap} aText={VirtualBox is not currently allowed to access USB devices.  You can change this by adding your user to the 'vboxusers' group.  Please see the user manual for a more detailed explanation}, preserve=true  aResultDetail=0
00:00:04.106867 nspr-3   ERROR [COM]: aRC=NS_ERROR_FAILURE (0x80004005) aIID={b2547866-a0a1-4391-8b86-6952d82efaa0} aComponent={SessionMachine} aText={This machine does not have any snapshots}, preserve=false aResultDetail=0
00:00:04.153673 nspr-3   ERROR [COM]: aRC=NS_ERROR_NOT_IMPLEMENTED (0x80004001) aIID={0eb668d2-495e-5a36-8890-29999b5f030c} aComponent={SystemPropertiesWrap} aText={Method setDefaultAdditionsISO is not implemented}, preserve=false aResultDetail=0
00:00:04.398709 nspr-3   WARNING [COM]: aRC=NS_ERROR_FAILURE (0x80004005) aIID={afca788c-4477-787d-60b2-3fa70e56fbbc} aComponent={HostWrap} aText={VirtualBox is not currently allowed to access USB devices.  You can change this by adding your user to the 'vboxusers' group.  Please see the user manual for a more detailed explanation}, preserve=true  aResultDetail=0
00:00:04.398787 nspr-2   WARNING [COM]: aRC=NS_ERROR_FAILURE (0x80004005) aIID={afca788c-4477-787d-60b2-3fa70e56fbbc} aComponent={HostWrap} aText={VirtualBox is not currently allowed to access USB devices.  You can change this by adding your user to the 'vboxusers' group.  Please see the user manual for a more detailed explanation}, preserve=true  aResultDetail=0
00:00:04.399895 nspr-3   ERROR [COM]: aRC=NS_ERROR_FAILURE (0x80004005) aIID={b2547866-a0a1-4391-8b86-6952d82efaa0} aComponent={SessionMachine} aText={This machine does not have any snapshots}, preserve=false aResultDetail=0
00:00:04.458514 nspr-3   WARNING [COM]: aRC=NS_ERROR_FAILURE (0x80004005) aIID={afca788c-4477-787d-60b2-3fa70e56fbbc} aComponent={HostWrap} aText={VirtualBox is not currently allowed to access USB devices.  You can change this by adding your user to the 'vboxusers' group.  Please see the user manual for a more detailed explanation}, preserve=true  aResultDetail=0
00:00:04.458679 nspr-2   WARNING [COM]: aRC=NS_ERROR_FAILURE (0x80004005) aIID={afca788c-4477-787d-60b2-3fa70e56fbbc} aComponent={HostWrap} aText={VirtualBox is not currently allowed to access USB devices.  You can change this by adding your user to the 'vboxusers' group.  Please see the user manual for a more detailed explanation}, preserve=true  aResultDetail=0
00:00:04.459908 nspr-3   ERROR [COM]: aRC=NS_ERROR_FAILURE (0x80004005) aIID={b2547866-a0a1-4391-8b86-6952d82efaa0} aComponent={SessionMachine} aText={This machine does not have any snapshots}, preserve=false aResultDetail=0
00:00:04.713390 nspr-3   WARNING [COM]: aRC=NS_ERROR_FAILURE (0x80004005) aIID={afca788c-4477-787d-60b2-3fa70e56fbbc} aComponent={HostWrap} aText={VirtualBox is not currently allowed to access USB devices.  You can change this by adding your user to the 'vboxusers' group.  Please see the user manual for a more detailed explanation}, preserve=true  aResultDetail=0
00:00:04.713478 nspr-2   WARNING [COM]: aRC=NS_ERROR_FAILURE (0x80004005) aIID={afca788c-4477-787d-60b2-3fa70e56fbbc} aComponent={HostWrap} aText={VirtualBox is not currently allowed to access USB devices.  You can change this by adding your user to the 'vboxusers' group.  Please see the user manual for a more detailed explanation}, preserve=true  aResultDetail=0
00:00:04.714521 nspr-3   ERROR [COM]: aRC=NS_ERROR_FAILURE (0x80004005) aIID={b2547866-a0a1-4391-8b86-6952d82efaa0} aComponent={SessionMachine} aText={This machine does not have any snapshots}, preserve=false aResultDetail=0
00:00:04.767759 nspr-3   WARNING [COM]: aRC=NS_ERROR_FAILURE (0x80004005) aIID={afca788c-4477-787d-60b2-3fa70e56fbbc} aComponent={HostWrap} aText={VirtualBox is not currently allowed to access USB devices.  You can change this by adding your user to the 'vboxusers' group.  Please see the user manual for a more detailed explanation}, preserve=true  aResultDetail=0
00:00:04.767843 nspr-2   WARNING [COM]: aRC=NS_ERROR_FAILURE (0x80004005) aIID={afca788c-4477-787d-60b2-3fa70e56fbbc} aComponent={HostWrap} aText={VirtualBox is not currently allowed to access USB devices.  You can change this by adding your user to the 'vboxusers' group.  Please see the user manual for a more detailed explanation}, preserve=true  aResultDetail=0
00:00:04.769767 nspr-2   ERROR [COM]: aRC=NS_ERROR_FAILURE (0x80004005) aIID={b2547866-a0a1-4391-8b86-6952d82efaa0} aComponent={SessionMachine} aText={This machine does not have any snapshots}, preserve=false aResultDetail=0
00:00:04.828685 nspr-2   WARNING [COM]: aRC=NS_ERROR_FAILURE (0x80004005) aIID={afca788c-4477-787d-60b2-3fa70e56fbbc} aComponent={HostWrap} aText={VirtualBox is not currently allowed to access USB devices.  You can change this by adding your user to the 'vboxusers' group.  Please see the user manual for a more detailed explanation}, preserve=true  aResultDetail=0
00:00:04.828766 nspr-3   WARNING [COM]: aRC=NS_ERROR_FAILURE (0x80004005) aIID={afca788c-4477-787d-60b2-3fa70e56fbbc} aComponent={HostWrap} aText={VirtualBox is not currently allowed to access USB devices.  You can change this by adding your user to the 'vboxusers' group.  Please see the user manual for a more detailed explanation}, preserve=true  aResultDetail=0
00:00:04.829657 nspr-2   ERROR [COM]: aRC=NS_ERROR_FAILURE (0x80004005) aIID={b2547866-a0a1-4391-8b86-6952d82efaa0} aComponent={SessionMachine} aText={This machine does not have any snapshots}, preserve=false aResultDetail=0
00:00:04.892538 nspr-2   WARNING [COM]: aRC=NS_ERROR_FAILURE (0x80004005) aIID={afca788c-4477-787d-60b2-3fa70e56fbbc} aComponent={HostWrap} aText={VirtualBox is not currently allowed to access USB devices.  You can change this by adding your user to the 'vboxusers' group.  Please see the user manual for a more detailed explanation}, preserve=true  aResultDetail=0
00:00:04.892614 nspr-3   WARNING [COM]: aRC=NS_ERROR_FAILURE (0x80004005) aIID={afca788c-4477-787d-60b2-3fa70e56fbbc} aComponent={HostWrap} aText={VirtualBox is not currently allowed to access USB devices.  You can change this by adding your user to the 'vboxusers' group.  Please see the user manual for a more detailed explanation}, preserve=true  aResultDetail=0
00:00:04.893964 nspr-2   ERROR [COM]: aRC=NS_ERROR_FAILURE (0x80004005) aIID={b2547866-a0a1-4391-8b86-6952d82efaa0} aComponent={SessionMachine} aText={This machine does not have any snapshots}, preserve=false aResultDetail=0
00:00:04.943923 nspr-2   WARNING [COM]: aRC=NS_ERROR_FAILURE (0x80004005) aIID={afca788c-4477-787d-60b2-3fa70e56fbbc} aComponent={HostWrap} aText={VirtualBox is not currently allowed to access USB devices.  You can change this by adding your user to the 'vboxusers' group.  Please see the user manual for a more detailed explanation}, preserve=true  aResultDetail=0
00:00:04.944014 nspr-3   WARNING [COM]: aRC=NS_ERROR_FAILURE (0x80004005) aIID={afca788c-4477-787d-60b2-3fa70e56fbbc} aComponent={HostWrap} aText={VirtualBox is not currently allowed to access USB devices.  You can change this by adding your user to the 'vboxusers' group.  Please see the user manual for a more detailed explanation}, preserve=true  aResultDetail=0
00:00:04.945090 nspr-2   ERROR [COM]: aRC=NS_ERROR_FAILURE (0x80004005) aIID={b2547866-a0a1-4391-8b86-6952d82efaa0} aComponent={SessionMachine} aText={This machine does not have any snapshots}, preserve=false aResultDetail=0
00:00:05.023555 nspr-3   WARNING [COM]: aRC=NS_ERROR_FAILURE (0x80004005) aIID={afca788c-4477-787d-60b2-3fa70e56fbbc} aComponent={HostWrap} aText={VirtualBox is not currently allowed to access USB devices.  You can change this by adding your user to the 'vboxusers' group.  Please see the user manual for a more detailed explanation}, preserve=true  aResultDetail=0
00:00:05.023638 nspr-2   WARNING [COM]: aRC=NS_ERROR_FAILURE (0x80004005) aIID={afca788c-4477-787d-60b2-3fa70e56fbbc} aComponent={HostWrap} aText={VirtualBox is not currently allowed to access USB devices.  You can change this by adding your user to the 'vboxusers' group.  Please see the user manual for a more detailed explanation}, preserve=true  aResultDetail=0
00:00:05.024549 nspr-3   ERROR [COM]: aRC=NS_ERROR_FAILURE (0x80004005) aIID={b2547866-a0a1-4391-8b86-6952d82efaa0} aComponent={SessionMachine} aText={This machine does not have any snapshots}, preserve=false aResultDetail=0
00:00:05.078254 nspr-2   WARNING [COM]: aRC=NS_ERROR_FAILURE (0x80004005) aIID={afca788c-4477-787d-60b2-3fa70e56fbbc} aComponent={HostWrap} aText={VirtualBox is not currently allowed to access USB devices.  You can change this by adding your user to the 'vboxusers' group.  Please see the user manual for a more detailed explanation}, preserve=true  aResultDetail=0
00:00:05.078324 nspr-3   WARNING [COM]: aRC=NS_ERROR_FAILURE (0x80004005) aIID={afca788c-4477-787d-60b2-3fa70e56fbbc} aComponent={HostWrap} aText={VirtualBox is not currently allowed to access USB devices.  You can change this by adding your user to the 'vboxusers' group.  Please see the user manual for a more detailed explanation}, preserve=true  aResultDetail=0
00:00:05.079217 nspr-2   ERROR [COM]: aRC=NS_ERROR_FAILURE (0x80004005) aIID={b2547866-a0a1-4391-8b86-6952d82efaa0} aComponent={SessionMachine} aText={This machine does not have any snapshots}, preserve=false aResultDetail=0
00:00:05.127338 nspr-3   WARNING [COM]: aRC=NS_ERROR_FAILURE (0x80004005) aIID={afca788c-4477-787d-60b2-3fa70e56fbbc} aComponent={HostWrap} aText={VirtualBox is not currently allowed to access USB devices.  You can change this by adding your user to the 'vboxusers' group.  Please see the user manual for a more detailed explanation}, preserve=true  aResultDetail=0
00:00:05.127428 nspr-2   WARNING [COM]: aRC=NS_ERROR_FAILURE (0x80004005) aIID={afca788c-4477-787d-60b2-3fa70e56fbbc} aComponent={HostWrap} aText={VirtualBox is not currently allowed to access USB devices.  You can change this by adding your user to the 'vboxusers' group.  Please see the user manual for a more detailed explanation}, preserve=true  aResultDetail=0
00:00:05.128259 nspr-3   ERROR [COM]: aRC=NS_ERROR_FAILURE (0x80004005) aIID={b2547866-a0a1-4391-8b86-6952d82efaa0} aComponent={SessionMachine} aText={This machine does not have any snapshots}, preserve=false aResultDetail=0
00:00:05.183368 nspr-2   WARNING [COM]: aRC=NS_ERROR_FAILURE (0x80004005) aIID={afca788c-4477-787d-60b2-3fa70e56fbbc} aComponent={HostWrap} aText={VirtualBox is not currently allowed to access USB devices.  You can change this by adding your user to the 'vboxusers' group.  Please see the user manual for a more detailed explanation}, preserve=true  aResultDetail=0
00:00:05.183462 nspr-3   WARNING [COM]: aRC=NS_ERROR_FAILURE (0x80004005) aIID={afca788c-4477-787d-60b2-3fa70e56fbbc} aComponent={HostWrap} aText={VirtualBox is not currently allowed to access USB devices.  You can change this by adding your user to the 'vboxusers' group.  Please see the user manual for a more detailed explanation}, preserve=true  aResultDetail=0
00:00:05.184672 nspr-2   ERROR [COM]: aRC=NS_ERROR_FAILURE (0x80004005) aIID={b2547866-a0a1-4391-8b86-6952d82efaa0} aComponent={SessionMachine} aText={This machine does not have any snapshots}, preserve=false aResultDetail=0
00:00:05.235501 nspr-3   WARNING [COM]: aRC=NS_ERROR_FAILURE (0x80004005) aIID={afca788c-4477-787d-60b2-3fa70e56fbbc} aComponent={HostWrap} aText={VirtualBox is not currently allowed to access USB devices.  You can change this by adding your user to the 'vboxusers' group.  Please see the user manual for a more detailed explanation}, preserve=true  aResultDetail=0
00:00:05.235604 nspr-2   WARNING [COM]: aRC=NS_ERROR_FAILURE (0x80004005) aIID={afca788c-4477-787d-60b2-3fa70e56fbbc} aComponent={HostWrap} aText={VirtualBox is not currently allowed to access USB devices.  You can change this by adding your user to the 'vboxusers' group.  Please see the user manual for a more detailed explanation}, preserve=true  aResultDetail=0
00:00:05.236731 nspr-3   ERROR [COM]: aRC=NS_ERROR_FAILURE (0x80004005) aIID={b2547866-a0a1-4391-8b86-6952d82efaa0} aComponent={SessionMachine} aText={This machine does not have any snapshots}, preserve=false aResultDetail=0
00:00:05.287481 nspr-3   WARNING [COM]: aRC=NS_ERROR_FAILURE (0x80004005) aIID={afca788c-4477-787d-60b2-3fa70e56fbbc} aComponent={HostWrap} aText={VirtualBox is not currently allowed to access USB devices.  You can change this by adding your user to the 'vboxusers' group.  Please see the user manual for a more detailed explanation}, preserve=true  aResultDetail=0
00:00:05.287556 nspr-2   WARNING [COM]: aRC=NS_ERROR_FAILURE (0x80004005) aIID={afca788c-4477-787d-60b2-3fa70e56fbbc} aComponent={HostWrap} aText={VirtualBox is not currently allowed to access USB devices.  You can change this by adding your user to the 'vboxusers' group.  Please see the user manual for a more detailed explanation}, preserve=true  aResultDetail=0
00:00:05.288661 nspr-3   ERROR [COM]: aRC=NS_ERROR_FAILURE (0x80004005) aIID={b2547866-a0a1-4391-8b86-6952d82efaa0} aComponent={SessionMachine} aText={This machine does not have any snapshots}, preserve=false aResultDetail=0
00:00:05.344734 nspr-2   WARNING [COM]: aRC=NS_ERROR_FAILURE (0x80004005) aIID={afca788c-4477-787d-60b2-3fa70e56fbbc} aComponent={HostWrap} aText={VirtualBox is not currently allowed to access USB devices.  You can change this by adding your user to the 'vboxusers' group.  Please see the user manual for a more detailed explanation}, preserve=true  aResultDetail=0
00:00:05.344811 nspr-3   WARNING [COM]: aRC=NS_ERROR_FAILURE (0x80004005) aIID={afca788c-4477-787d-60b2-3fa70e56fbbc} aComponent={HostWrap} aText={VirtualBox is not currently allowed to access USB devices.  You can change this by adding your user to the 'vboxusers' group.  Please see the user manual for a more detailed explanation}, preserve=true  aResultDetail=0
00:00:05.345953 nspr-2   ERROR [COM]: aRC=NS_ERROR_FAILURE (0x80004005) aIID={b2547866-a0a1-4391-8b86-6952d82efaa0} aComponent={SessionMachine} aText={This machine does not have any snapshots}, preserve=false aResultDetail=0
00:00:05.401524 nspr-2   WARNING [COM]: aRC=NS_ERROR_FAILURE (0x80004005) aIID={afca788c-4477-787d-60b2-3fa70e56fbbc} aComponent={HostWrap} aText={VirtualBox is not currently allowed to access USB devices.  You can change this by adding your user to the 'vboxusers' group.  Please see the user manual for a more detailed explanation}, preserve=true  aResultDetail=0
00:00:05.401671 nspr-2   WARNING [COM]: aRC=NS_ERROR_FAILURE (0x80004005) aIID={afca788c-4477-787d-60b2-3fa70e56fbbc} aComponent={HostWrap} aText={VirtualBox is not currently allowed to access USB devices.  You can change this by adding your user to the 'vboxusers' group.  Please see the user manual for a more detailed explanation}, preserve=true  aResultDetail=0
00:00:05.402545 nspr-3   ERROR [COM]: aRC=NS_ERROR_FAILURE (0x80004005) aIID={b2547866-a0a1-4391-8b86-6952d82efaa0} aComponent={SessionMachine} aText={This machine does not have any snapshots}, preserve=false aResultDetail=0
00:00:05.460274 nspr-2   WARNING [COM]: aRC=NS_ERROR_FAILURE (0x80004005) aIID={afca788c-4477-787d-60b2-3fa70e56fbbc} aComponent={HostWrap} aText={VirtualBox is not currently allowed to access USB devices.  You can change this by adding your user to the 'vboxusers' group.  Please see the user manual for a more detailed explanation}, preserve=true  aResultDetail=0
00:00:05.460404 nspr-3   WARNING [COM]: aRC=NS_ERROR_FAILURE (0x80004005) aIID={afca788c-4477-787d-60b2-3fa70e56fbbc} aComponent={HostWrap} aText={VirtualBox is not currently allowed to access USB devices.  You can change this by adding your user to the 'vboxusers' group.  Please see the user manual for a more detailed explanation}, preserve=true  aResultDetail=0
00:00:05.461556 nspr-2   ERROR [COM]: aRC=NS_ERROR_FAILURE (0x80004005) aIID={b2547866-a0a1-4391-8b86-6952d82efaa0} aComponent={SessionMachine} aText={This machine does not have any snapshots}, preserve=false aResultDetail=0
00:00:05.652618 nspr-2   WARNING [COM]: aRC=NS_ERROR_FAILURE (0x80004005) aIID={afca788c-4477-787d-60b2-3fa70e56fbbc} aComponent={HostWrap} aText={VirtualBox is not currently allowed to access USB devices.  You can change this by adding your user to the 'vboxusers' group.  Please see the user manual for a more detailed explanation}, preserve=true  aResultDetail=0
00:00:05.652698 nspr-3   WARNING [COM]: aRC=NS_ERROR_FAILURE (0x80004005) aIID={afca788c-4477-787d-60b2-3fa70e56fbbc} aComponent={HostWrap} aText={VirtualBox is not currently allowed to access USB devices.  You can change this by adding your user to the 'vboxusers' group.  Please see the user manual for a more detailed explanation}, preserve=true  aResultDetail=0
00:00:05.653884 nspr-2   ERROR [COM]: aRC=NS_ERROR_FAILURE (0x80004005) aIID={b2547866-a0a1-4391-8b86-6952d82efaa0} aComponent={SessionMachine} aText={This machine does not have any snapshots}, preserve=false aResultDetail=0
00:00:06.404157 nspr-2   WARNING [COM]: aRC=NS_ERROR_FAILURE (0x80004005) aIID={afca788c-4477-787d-60b2-3fa70e56fbbc} aComponent={HostWrap} aText={VirtualBox is not currently allowed to access USB devices.  You can change this by adding your user to the 'vboxusers' group.  Please see the user manual for a more detailed explanation}, preserve=true  aResultDetail=0
00:00:06.406162 nspr-3   WARNING [COM]: aRC=NS_ERROR_FAILURE (0x80004005) aIID={afca788c-4477-787d-60b2-3fa70e56fbbc} aComponent={HostWrap} aText={VirtualBox is not currently allowed to access USB devices.  You can change this by adding your user to the 'vboxusers' group.  Please see the user manual for a more detailed explanation}, preserve=true  aResultDetail=0
00:00:06.408036 nspr-2   ERROR [COM]: aRC=NS_ERROR_FAILURE (0x80004005) aIID={b2547866-a0a1-4391-8b86-6952d82efaa0} aComponent={SessionMachine} aText={This machine does not have any snapshots}, preserve=false aResultDetail=0
00:00:07.604840 nspr-3   WARNING [COM]: aRC=NS_ERROR_FAILURE (0x80004005) aIID={afca788c-4477-787d-60b2-3fa70e56fbbc} aComponent={HostWrap} aText={VirtualBox is not currently allowed to access USB devices.  You can change this by adding your user to the 'vboxusers' group.  Please see the user manual for a more detailed explanation}, preserve=true  aResultDetail=0
00:00:08.362819 nspr-3   WARNING [COM]: aRC=NS_ERROR_FAILURE (0x80004005) aIID={afca788c-4477-787d-60b2-3fa70e56fbbc} aComponent={HostWrap} aText={VirtualBox is not currently allowed to access USB devices.  You can change this by adding your user to the 'vboxusers' group.  Please see the user manual for a more detailed explanation}, preserve=true  aResultDetail=0
00:00:08.362944 nspr-4   WARNING [COM]: aRC=NS_ERROR_FAILURE (0x80004005) aIID={afca788c-4477-787d-60b2-3fa70e56fbbc} aComponent={HostWrap} aText={VirtualBox is not currently allowed to access USB devices.  You can change this by adding your user to the 'vboxusers' group.  Please see the user manual for a more detailed explanation}, preserve=true  aResultDetail=0
00:00:08.367066 nspr-4   ERROR [COM]: aRC=NS_ERROR_FAILURE (0x80004005) aIID={b2547866-a0a1-4391-8b86-6952d82efaa0} aComponent={SessionMachine} aText={This machine does not have any snapshots}, preserve=false aResultDetail=0
00:00:08.515665 nspr-2   WARNING [COM]: aRC=NS_ERROR_FAILURE (0x80004005) aIID={afca788c-4477-787d-60b2-3fa70e56fbbc} aComponent={HostWrap} aText={VirtualBox is not currently allowed to access USB devices.  You can change this by adding your user to the 'vboxusers' group.  Please see the user manual for a more detailed explanation}, preserve=true  aResultDetail=0
00:00:08.515753 nspr-3   WARNING [COM]: aRC=NS_ERROR_FAILURE (0x80004005) aIID={afca788c-4477-787d-60b2-3fa70e56fbbc} aComponent={HostWrap} aText={VirtualBox is not currently allowed to access USB devices.  You can change this by adding your user to the 'vboxusers' group.  Please see the user manual for a more detailed explanation}, preserve=true  aResultDetail=0
00:00:08.519726 nspr-3   ERROR [COM]: aRC=NS_ERROR_FAILURE (0x80004005) aIID={b2547866-a0a1-4391-8b86-6952d82efaa0} aComponent={SessionMachine} aText={This machine does not have any snapshots}, preserve=false aResultDetail=0
00:00:08.570620 nspr-3   WARNING [COM]: aRC=NS_ERROR_FAILURE (0x80004005) aIID={afca788c-4477-787d-60b2-3fa70e56fbbc} aComponent={HostWrap} aText={VirtualBox is not currently allowed to access USB devices.  You can change this by adding your user to the 'vboxusers' group.  Please see the user manual for a more detailed explanation}, preserve=true  aResultDetail=0
00:00:08.570703 nspr-2   WARNING [COM]: aRC=NS_ERROR_FAILURE (0x80004005) aIID={afca788c-4477-787d-60b2-3fa70e56fbbc} aComponent={HostWrap} aText={VirtualBox is not currently allowed to access USB devices.  You can change this by adding your user to the 'vboxusers' group.  Please see the user manual for a more detailed explanation}, preserve=true  aResultDetail=0
00:00:08.574197 nspr-2   ERROR [COM]: aRC=NS_ERROR_FAILURE (0x80004005) aIID={b2547866-a0a1-4391-8b86-6952d82efaa0} aComponent={SessionMachine} aText={This machine does not have any snapshots}, preserve=false aResultDetail=0
00:00:08.623087 nspr-4   WARNING [COM]: aRC=NS_ERROR_FAILURE (0x80004005) aIID={afca788c-4477-787d-60b2-3fa70e56fbbc} aComponent={HostWrap} aText={VirtualBox is not currently allowed to access USB devices.  You can change this by adding your user to the 'vboxusers' group.  Please see the user manual for a more detailed explanation}, preserve=true  aResultDetail=0
00:00:08.623169 nspr-3   WARNING [COM]: aRC=NS_ERROR_FAILURE (0x80004005) aIID={afca788c-4477-787d-60b2-3fa70e56fbbc} aComponent={HostWrap} aText={VirtualBox is not currently allowed to access USB devices.  You can change this by adding your user to the 'vboxusers' group.  Please see the user manual for a more detailed explanation}, preserve=true  aResultDetail=0
00:00:08.627406 nspr-3   ERROR [COM]: aRC=NS_ERROR_FAILURE (0x80004005) aIID={b2547866-a0a1-4391-8b86-6952d82efaa0} aComponent={SessionMachine} aText={This machine does not have any snapshots}, preserve=false aResultDetail=0
00:00:08.687300 nspr-3   WARNING [COM]: aRC=NS_ERROR_FAILURE (0x80004005) aIID={afca788c-4477-787d-60b2-3fa70e56fbbc} aComponent={HostWrap} aText={VirtualBox is not currently allowed to access USB devices.  You can change this by adding your user to the 'vboxusers' group.  Please see the user manual for a more detailed explanation}, preserve=true  aResultDetail=0
00:00:08.687379 nspr-4   WARNING [COM]: aRC=NS_ERROR_FAILURE (0x80004005) aIID={afca788c-4477-787d-60b2-3fa70e56fbbc} aComponent={HostWrap} aText={VirtualBox is not currently allowed to access USB devices.  You can change this by adding your user to the 'vboxusers' group.  Please see the user manual for a more detailed explanation}, preserve=true  aResultDetail=0
00:00:08.691137 nspr-4   ERROR [COM]: aRC=NS_ERROR_FAILURE (0x80004005) aIID={b2547866-a0a1-4391-8b86-6952d82efaa0} aComponent={SessionMachine} aText={This machine does not have any snapshots}, preserve=false aResultDetail=0
00:00:09.414953 nspr-4   WARNING [COM]: aRC=NS_ERROR_FAILURE (0x80004005) aIID={afca788c-4477-787d-60b2-3fa70e56fbbc} aComponent={HostWrap} aText={VirtualBox is not currently allowed to access USB devices.  You can change this by adding your user to the 'vboxusers' group.  Please see the user manual for a more detailed explanation}, preserve=true  aResultDetail=0
00:00:09.415050 nspr-2   WARNING [COM]: aRC=NS_ERROR_FAILURE (0x80004005) aIID={afca788c-4477-787d-60b2-3fa70e56fbbc} aComponent={HostWrap} aText={VirtualBox is not currently allowed to access USB devices.  You can change this by adding your user to the 'vboxusers' group.  Please see the user manual for a more detailed explanation}, preserve=true  aResultDetail=0
00:00:09.418559 nspr-4   ERROR [COM]: aRC=NS_ERROR_FAILURE (0x80004005) aIID={b2547866-a0a1-4391-8b86-6952d82efaa0} aComponent={SessionMachine} aText={This machine does not have any snapshots}, preserve=false aResultDetail=0
00:00:10.474036 nspr-2   WARNING [COM]: aRC=NS_ERROR_FAILURE (0x80004005) aIID={afca788c-4477-787d-60b2-3fa70e56fbbc} aComponent={HostWrap} aText={VirtualBox is not currently allowed to access USB devices.  You can change this by adding your user to the 'vboxusers' group.  Please see the user manual for a more detailed explanation}, preserve=true  aResultDetail=0
00:00:10.474162 nspr-4   WARNING [COM]: aRC=NS_ERROR_FAILURE (0x80004005) aIID={afca788c-4477-787d-60b2-3fa70e56fbbc} aComponent={HostWrap} aText={VirtualBox is not currently allowed to access USB devices.  You can change this by adding your user to the 'vboxusers' group.  Please see the user manual for a more detailed explanation}, preserve=true  aResultDetail=0
00:00:10.478100 nspr-4   ERROR [COM]: aRC=NS_ERROR_FAILURE (0x80004005) aIID={b2547866-a0a1-4391-8b86-6952d82efaa0} aComponent={SessionMachine} aText={This machine does not have any snapshots}, preserve=false aResultDetail=0
00:00:11.544787 nspr-2   WARNING [COM]: aRC=NS_ERROR_FAILURE (0x80004005) aIID={afca788c-4477-787d-60b2-3fa70e56fbbc} aComponent={HostWrap} aText={VirtualBox is not currently allowed to access USB devices.  You can change this by adding your user to the 'vboxusers' group.  Please see the user manual for a more detailed explanation}, preserve=true  aResultDetail=0
00:00:11.544859 nspr-4   WARNING [COM]: aRC=NS_ERROR_FAILURE (0x80004005) aIID={afca788c-4477-787d-60b2-3fa70e56fbbc} aComponent={HostWrap} aText={VirtualBox is not currently allowed to access USB devices.  You can change this by adding your user to the 'vboxusers' group.  Please see the user manual for a more detailed explanation}, preserve=true  aResultDetail=0
00:00:11.550004 nspr-4   ERROR [COM]: aRC=NS_ERROR_FAILURE (0x80004005) aIID={b2547866-a0a1-4391-8b86-6952d82efaa0} aComponent={SessionMachine} aText={This machine does not have any snapshots}, preserve=false aResultDetail=0
00:00:12.623548 nspr-3   WARNING [COM]: aRC=NS_ERROR_FAILURE (0x80004005) aIID={afca788c-4477-787d-60b2-3fa70e56fbbc} aComponent={HostWrap} aText={VirtualBox is not currently allowed to access USB devices.  You can change this by adding your user to the 'vboxusers' group.  Please see the user manual for a more detailed explanation}, preserve=true  aResultDetail=0
00:00:12.623652 nspr-2   WARNING [COM]: aRC=NS_ERROR_FAILURE (0x80004005) aIID={afca788c-4477-787d-60b2-3fa70e56fbbc} aComponent={HostWrap} aText={VirtualBox is not currently allowed to access USB devices.  You can change this by adding your user to the 'vboxusers' group.  Please see the user manual for a more detailed explanation}, preserve=true  aResultDetail=0
00:00:12.627186 nspr-2   ERROR [COM]: aRC=NS_ERROR_FAILURE (0x80004005) aIID={b2547866-a0a1-4391-8b86-6952d82efaa0} aComponent={SessionMachine} aText={This machine does not have any snapshots}, preserve=false aResultDetail=0
00:00:13.686543 nspr-3   WARNING [COM]: aRC=NS_ERROR_FAILURE (0x80004005) aIID={afca788c-4477-787d-60b2-3fa70e56fbbc} aComponent={HostWrap} aText={VirtualBox is not currently allowed to access USB devices.  You can change this by adding your user to the 'vboxusers' group.  Please see the user manual for a more detailed explanation}, preserve=true  aResultDetail=0
00:00:13.686711 nspr-4   WARNING [COM]: aRC=NS_ERROR_FAILURE (0x80004005) aIID={afca788c-4477-787d-60b2-3fa70e56fbbc} aComponent={HostWrap} aText={VirtualBox is not currently allowed to access USB devices.  You can change this by adding your user to the 'vboxusers' group.  Please see the user manual for a more detailed explanation}, preserve=true  aResultDetail=0
00:00:13.690931 nspr-4   ERROR [COM]: aRC=NS_ERROR_FAILURE (0x80004005) aIID={b2547866-a0a1-4391-8b86-6952d82efaa0} aComponent={SessionMachine} aText={This machine does not have any snapshots}, preserve=false aResultDetail=0
00:00:14.757257 nspr-3   WARNING [COM]: aRC=NS_ERROR_FAILURE (0x80004005) aIID={afca788c-4477-787d-60b2-3fa70e56fbbc} aComponent={HostWrap} aText={VirtualBox is not currently allowed to access USB devices.  You can change this by adding your user to the 'vboxusers' group.  Please see the user manual for a more detailed explanation}, preserve=true  aResultDetail=0
00:00:14.757344 nspr-2   WARNING [COM]: aRC=NS_ERROR_FAILURE (0x80004005) aIID={afca788c-4477-787d-60b2-3fa70e56fbbc} aComponent={HostWrap} aText={VirtualBox is not currently allowed to access USB devices.  You can change this by adding your user to the 'vboxusers' group.  Please see the user manual for a more detailed explanation}, preserve=true  aResultDetail=0
00:00:14.760744 nspr-2   ERROR [COM]: aRC=NS_ERROR_FAILURE (0x80004005) aIID={b2547866-a0a1-4391-8b86-6952d82efaa0} aComponent={SessionMachine} aText={This machine does not have any snapshots}, preserve=false aResultDetail=0
00:00:15.828950 nspr-3   WARNING [COM]: aRC=NS_ERROR_FAILURE (0x80004005) aIID={afca788c-4477-787d-60b2-3fa70e56fbbc} aComponent={HostWrap} aText={VirtualBox is not currently allowed to access USB devices.  You can change this by adding your user to the 'vboxusers' group.  Please see the user manual for a more detailed explanation}, preserve=true  aResultDetail=0
00:00:15.829041 nspr-3   WARNING [COM]: aRC=NS_ERROR_FAILURE (0x80004005) aIID={afca788c-4477-787d-60b2-3fa70e56fbbc} aComponent={HostWrap} aText={VirtualBox is not currently allowed to access USB devices.  You can change this by adding your user to the 'vboxusers' group.  Please see the user manual for a more detailed explanation}, preserve=true  aResultDetail=0
00:00:15.837205 nspr-2   ERROR [COM]: aRC=NS_ERROR_FAILURE (0x80004005) aIID={b2547866-a0a1-4391-8b86-6952d82efaa0} aComponent={SessionMachine} aText={This machine does not have any snapshots}, preserve=false aResultDetail=0
00:00:16.901533 nspr-3   WARNING [COM]: aRC=NS_ERROR_FAILURE (0x80004005) aIID={afca788c-4477-787d-60b2-3fa70e56fbbc} aComponent={HostWrap} aText={VirtualBox is not currently allowed to access USB devices.  You can change this by adding your user to the 'vboxusers' group.  Please see the user manual for a more detailed explanation}, preserve=true  aResultDetail=0
00:00:16.901626 nspr-4   WARNING [COM]: aRC=NS_ERROR_FAILURE (0x80004005) aIID={afca788c-4477-787d-60b2-3fa70e56fbbc} aComponent={HostWrap} aText={VirtualBox is not currently allowed to access USB devices.  You can change this by adding your user to the 'vboxusers' group.  Please see the user manual for a more detailed explanation}, preserve=true  aResultDetail=0
00:00:16.904988 nspr-4   ERROR [COM]: aRC=NS_ERROR_FAILURE (0x80004005) aIID={b2547866-a0a1-4391-8b86-6952d82efaa0} aComponent={SessionMachine} aText={This machine does not have any snapshots}, preserve=false aResultDetail=0
00:00:17.968487 nspr-4   WARNING [COM]: aRC=NS_ERROR_FAILURE (0x80004005) aIID={afca788c-4477-787d-60b2-3fa70e56fbbc} aComponent={HostWrap} aText={VirtualBox is not currently allowed to access USB devices.  You can change this by adding your user to the 'vboxusers' group.  Please see the user manual for a more detailed explanation}, preserve=true  aResultDetail=0
00:00:17.968566 nspr-2   WARNING [COM]: aRC=NS_ERROR_FAILURE (0x80004005) aIID={afca788c-4477-787d-60b2-3fa70e56fbbc} aComponent={HostWrap} aText={VirtualBox is not currently allowed to access USB devices.  You can change this by adding your user to the 'vboxusers' group.  Please see the user manual for a more detailed explanation}, preserve=true  aResultDetail=0
00:00:17.971772 nspr-2   ERROR [COM]: aRC=NS_ERROR_FAILURE (0x80004005) aIID={b2547866-a0a1-4391-8b86-6952d82efaa0} aComponent={SessionMachine} aText={This machine does not have any snapshots}, preserve=false aResultDetail=0
00:00:19.292635 nspr-2   WARNING [COM]: aRC=NS_ERROR_FAILURE (0x80004005) aIID={afca788c-4477-787d-60b2-3fa70e56fbbc} aComponent={HostWrap} aText={VirtualBox is not currently allowed to access USB devices.  You can change this by adding your user to the 'vboxusers' group.  Please see the user manual for a more detailed explanation}, preserve=true  aResultDetail=0
00:00:19.292757 nspr-4   WARNING [COM]: aRC=NS_ERROR_FAILURE (0x80004005) aIID={afca788c-4477-787d-60b2-3fa70e56fbbc} aComponent={HostWrap} aText={VirtualBox is not currently allowed to access USB devices.  You can change this by adding your user to the 'vboxusers' group.  Please see the user manual for a more detailed explanation}, preserve=true  aResultDetail=0
00:00:19.296278 nspr-3   ERROR [COM]: aRC=NS_ERROR_FAILURE (0x80004005) aIID={b2547866-a0a1-4391-8b86-6952d82efaa0} aComponent={SessionMachine} aText={This machine does not have any snapshots}, preserve=false aResultDetail=0
00:00:20.365298 nspr-2   WARNING [COM]: aRC=NS_ERROR_FAILURE (0x80004005) aIID={afca788c-4477-787d-60b2-3fa70e56fbbc} aComponent={HostWrap} aText={VirtualBox is not currently allowed to access USB devices.  You can change this by adding your user to the 'vboxusers' group.  Please see the user manual for a more detailed explanation}, preserve=true  aResultDetail=0
00:00:20.365394 nspr-3   WARNING [COM]: aRC=NS_ERROR_FAILURE (0x80004005) aIID={afca788c-4477-787d-60b2-3fa70e56fbbc} aComponent={HostWrap} aText={VirtualBox is not currently allowed to access USB devices.  You can change this by adding your user to the 'vboxusers' group.  Please see the user manual for a more detailed explanation}, preserve=true  aResultDetail=0
00:00:20.370890 nspr-2   ERROR [COM]: aRC=NS_ERROR_FAILURE (0x80004005) aIID={b2547866-a0a1-4391-8b86-6952d82efaa0} aComponent={SessionMachine} aText={This machine does not have any snapshots}, preserve=false aResultDetail=0
00:00:21.465950 nspr-2   WARNING [COM]: aRC=NS_ERROR_FAILURE (0x80004005) aIID={afca788c-4477-787d-60b2-3fa70e56fbbc} aComponent={HostWrap} aText={VirtualBox is not currently allowed to access USB devices.  You can change this by adding your user to the 'vboxusers' group.  Please see the user manual for a more detailed explanation}, preserve=true  aResultDetail=0
00:00:21.466038 nspr-4   WARNING [COM]: aRC=NS_ERROR_FAILURE (0x80004005) aIID={afca788c-4477-787d-60b2-3fa70e56fbbc} aComponent={HostWrap} aText={VirtualBox is not currently allowed to access USB devices.  You can change this by adding your user to the 'vboxusers' group.  Please see the user manual for a more detailed explanation}, preserve=true  aResultDetail=0
00:00:21.471248 nspr-2   ERROR [COM]: aRC=NS_ERROR_FAILURE (0x80004005) aIID={b2547866-a0a1-4391-8b86-6952d82efaa0} aComponent={SessionMachine} aText={This machine does not have any snapshots}, preserve=false aResultDetail=0
00:00:22.580601 nspr-4   WARNING [COM]: aRC=NS_ERROR_FAILURE (0x80004005) aIID={afca788c-4477-787d-60b2-3fa70e56fbbc} aComponent={HostWrap} aText={VirtualBox is not currently allowed to access USB devices.  You can change this by adding your user to the 'vboxusers' group.  Please see the user manual for a more detailed explanation}, preserve=true  aResultDetail=0
00:00:22.580736 nspr-2   WARNING [COM]: aRC=NS_ERROR_FAILURE (0x80004005) aIID={afca788c-4477-787d-60b2-3fa70e56fbbc} aComponent={HostWrap} aText={VirtualBox is not currently allowed to access USB devices.  You can change this by adding your user to the 'vboxusers' group.  Please see the user manual for a more detailed explanation}, preserve=true  aResultDetail=0
00:00:22.585930 nspr-2   ERROR [COM]: aRC=NS_ERROR_FAILURE (0x80004005) aIID={b2547866-a0a1-4391-8b86-6952d82efaa0} aComponent={SessionMachine} aText={This machine does not have any snapshots}, preserve=false aResultDetail=0
00:00:23.659091 nspr-3   WARNING [COM]: aRC=NS_ERROR_FAILURE (0x80004005) aIID={afca788c-4477-787d-60b2-3fa70e56fbbc} aComponent={HostWrap} aText={VirtualBox is not currently allowed to access USB devices.  You can change this by adding your user to the 'vboxusers' group.  Please see the user manual for a more detailed explanation}, preserve=true  aResultDetail=0
00:00:23.659179 nspr-4   WARNING [COM]: aRC=NS_ERROR_FAILURE (0x80004005) aIID={afca788c-4477-787d-60b2-3fa70e56fbbc} aComponent={HostWrap} aText={VirtualBox is not currently allowed to access USB devices.  You can change this by adding your user to the 'vboxusers' group.  Please see the user manual for a more detailed explanation}, preserve=true  aResultDetail=0
00:00:23.663537 nspr-3   ERROR [COM]: aRC=NS_ERROR_FAILURE (0x80004005) aIID={b2547866-a0a1-4391-8b86-6952d82efaa0} aComponent={SessionMachine} aText={This machine does not have any snapshots}, preserve=false aResultDetail=0
00:00:23.760736 nspr-3   WARNING [COM]: aRC=NS_ERROR_FAILURE (0x80004005) aIID={afca788c-4477-787d-60b2-3fa70e56fbbc} aComponent={HostWrap} aText={VirtualBox is not currently allowed to access USB devices.  You can change this by adding your user to the 'vboxusers' group.  Please see the user manual for a more detailed explanation}, preserve=true  aResultDetail=0
00:00:23.760820 nspr-4   WARNING [COM]: aRC=NS_ERROR_FAILURE (0x80004005) aIID={afca788c-4477-787d-60b2-3fa70e56fbbc} aComponent={HostWrap} aText={VirtualBox is not currently allowed to access USB devices.  You can change this by adding your user to the 'vboxusers' group.  Please see the user manual for a more detailed explanation}, preserve=true  aResultDetail=0
00:00:23.767520 nspr-3   ERROR [COM]: aRC=NS_ERROR_FAILURE (0x80004005) aIID={b2547866-a0a1-4391-8b86-6952d82efaa0} aComponent={SessionMachine} aText={This machine does not have any snapshots}, preserve=false aResultDetail=0
00:00:23.823899 nspr-3   WARNING [COM]: aRC=NS_ERROR_FAILURE (0x80004005) aIID={afca788c-4477-787d-60b2-3fa70e56fbbc} aComponent={HostWrap} aText={VirtualBox is not currently allowed to access USB devices.  You can change this by adding your user to the 'vboxusers' group.  Please see the user manual for a more detailed explanation}, preserve=true  aResultDetail=0
00:00:23.823976 nspr-2   WARNING [COM]: aRC=NS_ERROR_FAILURE (0x80004005) aIID={afca788c-4477-787d-60b2-3fa70e56fbbc} aComponent={HostWrap} aText={VirtualBox is not currently allowed to access USB devices.  You can change this by adding your user to the 'vboxusers' group.  Please see the user manual for a more detailed explanation}, preserve=true  aResultDetail=0
00:00:23.828870 nspr-4   ERROR [COM]: aRC=NS_ERROR_FAILURE (0x80004005) aIID={b2547866-a0a1-4391-8b86-6952d82efaa0} aComponent={SessionMachine} aText={This machine does not have any snapshots}, preserve=false aResultDetail=0
00:00:23.915568 nspr-3   WARNING [COM]: aRC=NS_ERROR_FAILURE (0x80004005) aIID={afca788c-4477-787d-60b2-3fa70e56fbbc} aComponent={HostWrap} aText={VirtualBox is not currently allowed to access USB devices.  You can change this by adding your user to the 'vboxusers' group.  Please see the user manual for a more detailed explanation}, preserve=true  aResultDetail=0
00:00:23.915652 nspr-4   WARNING [COM]: aRC=NS_ERROR_FAILURE (0x80004005) aIID={afca788c-4477-787d-60b2-3fa70e56fbbc} aComponent={HostWrap} aText={VirtualBox is not currently allowed to access USB devices.  You can change this by adding your user to the 'vboxusers' group.  Please see the user manual for a more detailed explanation}, preserve=true  aResultDetail=0
00:00:23.924062 nspr-3   ERROR [COM]: aRC=NS_ERROR_FAILURE (0x80004005) aIID={b2547866-a0a1-4391-8b86-6952d82efaa0} aComponent={SessionMachine} aText={This machine does not have any snapshots}, preserve=false aResultDetail=0
00:00:23.983502 nspr-3   WARNING [COM]: aRC=NS_ERROR_FAILURE (0x80004005) aIID={afca788c-4477-787d-60b2-3fa70e56fbbc} aComponent={HostWrap} aText={VirtualBox is not currently allowed to access USB devices.  You can change this by adding your user to the 'vboxusers' group.  Please see the user manual for a more detailed explanation}, preserve=true  aResultDetail=0
00:00:23.983611 nspr-2   WARNING [COM]: aRC=NS_ERROR_FAILURE (0x80004005) aIID={afca788c-4477-787d-60b2-3fa70e56fbbc} aComponent={HostWrap} aText={VirtualBox is not currently allowed to access USB devices.  You can change this by adding your user to the 'vboxusers' group.  Please see the user manual for a more detailed explanation}, preserve=true  aResultDetail=0
00:00:23.988485 nspr-3   ERROR [COM]: aRC=NS_ERROR_FAILURE (0x80004005) aIID={b2547866-a0a1-4391-8b86-6952d82efaa0} aComponent={SessionMachine} aText={This machine does not have any snapshots}, preserve=false aResultDetail=0
00:00:24.071092 nspr-3   WARNING [COM]: aRC=NS_ERROR_FAILURE (0x80004005) aIID={afca788c-4477-787d-60b2-3fa70e56fbbc} aComponent={HostWrap} aText={VirtualBox is not currently allowed to access USB devices.  You can change this by adding your user to the 'vboxusers' group.  Please see the user manual for a more detailed explanation}, preserve=true  aResultDetail=0
00:00:24.071184 nspr-4   WARNING [COM]: aRC=NS_ERROR_FAILURE (0x80004005) aIID={afca788c-4477-787d-60b2-3fa70e56fbbc} aComponent={HostWrap} aText={VirtualBox is not currently allowed to access USB devices.  You can change this by adding your user to the 'vboxusers' group.  Please see the user manual for a more detailed explanation}, preserve=true  aResultDetail=0
00:00:24.075362 nspr-3   ERROR [COM]: aRC=NS_ERROR_FAILURE (0x80004005) aIID={b2547866-a0a1-4391-8b86-6952d82efaa0} aComponent={SessionMachine} aText={This machine does not have any snapshots}, preserve=false aResultDetail=0
00:00:24.124758 nspr-3   WARNING [COM]: aRC=NS_ERROR_FAILURE (0x80004005) aIID={afca788c-4477-787d-60b2-3fa70e56fbbc} aComponent={HostWrap} aText={VirtualBox is not currently allowed to access USB devices.  You can change this by adding your user to the 'vboxusers' group.  Please see the user manual for a more detailed explanation}, preserve=true  aResultDetail=0
00:00:24.124826 nspr-4   WARNING [COM]: aRC=NS_ERROR_FAILURE (0x80004005) aIID={afca788c-4477-787d-60b2-3fa70e56fbbc} aComponent={HostWrap} aText={VirtualBox is not currently allowed to access USB devices.  You can change this by adding your user to the 'vboxusers' group.  Please see the user manual for a more detailed explanation}, preserve=true  aResultDetail=0
00:00:24.128578 nspr-3   ERROR [COM]: aRC=NS_ERROR_FAILURE (0x80004005) aIID={b2547866-a0a1-4391-8b86-6952d82efaa0} aComponent={SessionMachine} aText={This machine does not have any snapshots}, preserve=false aResultDetail=0
00:00:24.174585 nspr-3   WARNING [COM]: aRC=NS_ERROR_FAILURE (0x80004005) aIID={afca788c-4477-787d-60b2-3fa70e56fbbc} aComponent={HostWrap} aText={VirtualBox is not currently allowed to access USB devices.  You can change this by adding your user to the 'vboxusers' group.  Please see the user manual for a more detailed explanation}, preserve=true  aResultDetail=0
00:00:24.174659 nspr-4   WARNING [COM]: aRC=NS_ERROR_FAILURE (0x80004005) aIID={afca788c-4477-787d-60b2-3fa70e56fbbc} aComponent={HostWrap} aText={VirtualBox is not currently allowed to access USB devices.  You can change this by adding your user to the 'vboxusers' group.  Please see the user manual for a more detailed explanation}, preserve=true  aResultDetail=0
00:00:24.199874 nspr-3   ERROR [COM]: aRC=NS_ERROR_FAILURE (0x80004005) aIID={b2547866-a0a1-4391-8b86-6952d82efaa0} aComponent={SessionMachine} aText={This machine does not have any snapshots}, preserve=false aResultDetail=0
00:00:24.246101 nspr-2   WARNING [COM]: aRC=NS_ERROR_FAILURE (0x80004005) aIID={afca788c-4477-787d-60b2-3fa70e56fbbc} aComponent={HostWrap} aText={VirtualBox is not currently allowed to access USB devices.  You can change this by adding your user to the 'vboxusers' group.  Please see the user manual for a more detailed explanation}, preserve=true  aResultDetail=0
00:00:24.246218 nspr-4   WARNING [COM]: aRC=NS_ERROR_FAILURE (0x80004005) aIID={afca788c-4477-787d-60b2-3fa70e56fbbc} aComponent={HostWrap} aText={VirtualBox is not currently allowed to access USB devices.  You can change this by adding your user to the 'vboxusers' group.  Please see the user manual for a more detailed explanation}, preserve=true  aResultDetail=0
00:00:24.250814 nspr-2   ERROR [COM]: aRC=NS_ERROR_FAILURE (0x80004005) aIID={b2547866-a0a1-4391-8b86-6952d82efaa0} aComponent={SessionMachine} aText={This machine does not have any snapshots}, preserve=false aResultDetail=0
00:00:24.317836 nspr-4   WARNING [COM]: aRC=NS_ERROR_FAILURE (0x80004005) aIID={afca788c-4477-787d-60b2-3fa70e56fbbc} aComponent={HostWrap} aText={VirtualBox is not currently allowed to access USB devices.  You can change this by adding your user to the 'vboxusers' group.  Please see the user manual for a more detailed explanation}, preserve=true  aResultDetail=0
00:00:24.317914 nspr-3   WARNING [COM]: aRC=NS_ERROR_FAILURE (0x80004005) aIID={afca788c-4477-787d-60b2-3fa70e56fbbc} aComponent={HostWrap} aText={VirtualBox is not currently allowed to access USB devices.  You can change this by adding your user to the 'vboxusers' group.  Please see the user manual for a more detailed explanation}, preserve=true  aResultDetail=0
00:00:24.322689 nspr-4   ERROR [COM]: aRC=NS_ERROR_FAILURE (0x80004005) aIID={b2547866-a0a1-4391-8b86-6952d82efaa0} aComponent={SessionMachine} aText={This machine does not have any snapshots}, preserve=false aResultDetail=0
00:00:24.404955 nspr-2   WARNING [COM]: aRC=NS_ERROR_FAILURE (0x80004005) aIID={afca788c-4477-787d-60b2-3fa70e56fbbc} aComponent={HostWrap} aText={VirtualBox is not currently allowed to access USB devices.  You can change this by adding your user to the 'vboxusers' group.  Please see the user manual for a more detailed explanation}, preserve=true  aResultDetail=0
00:00:24.405042 nspr-3   WARNING [COM]: aRC=NS_ERROR_FAILURE (0x80004005) aIID={afca788c-4477-787d-60b2-3fa70e56fbbc} aComponent={HostWrap} aText={VirtualBox is not currently allowed to access USB devices.  You can change this by adding your user to the 'vboxusers' group.  Please see the user manual for a more detailed explanation}, preserve=true  aResultDetail=0
00:00:24.412041 nspr-2   ERROR [COM]: aRC=NS_ERROR_FAILURE (0x80004005) aIID={b2547866-a0a1-4391-8b86-6952d82efaa0} aComponent={SessionMachine} aText={This machine does not have any snapshots}, preserve=false aResultDetail=0
00:00:24.472780 nspr-2   WARNING [COM]: aRC=NS_ERROR_FAILURE (0x80004005) aIID={afca788c-4477-787d-60b2-3fa70e56fbbc} aComponent={HostWrap} aText={VirtualBox is not currently allowed to access USB devices.  You can change this by adding your user to the 'vboxusers' group.  Please see the user manual for a more detailed explanation}, preserve=true  aResultDetail=0
00:00:24.472917 nspr-3   WARNING [COM]: aRC=NS_ERROR_FAILURE (0x80004005) aIID={afca788c-4477-787d-60b2-3fa70e56fbbc} aComponent={HostWrap} aText={VirtualBox is not currently allowed to access USB devices.  You can change this by adding your user to the 'vboxusers' group.  Please see the user manual for a more detailed explanation}, preserve=true  aResultDetail=0
00:00:24.477959 nspr-2   ERROR [COM]: aRC=NS_ERROR_FAILURE (0x80004005) aIID={b2547866-a0a1-4391-8b86-6952d82efaa0} aComponent={SessionMachine} aText={This machine does not have any snapshots}, preserve=false aResultDetail=0
00:00:24.544529 nspr-2   WARNING [COM]: aRC=NS_ERROR_FAILURE (0x80004005) aIID={afca788c-4477-787d-60b2-3fa70e56fbbc} aComponent={HostWrap} aText={VirtualBox is not currently allowed to access USB devices.  You can change this by adding your user to the 'vboxusers' group.  Please see the user manual for a more detailed explanation}, preserve=true  aResultDetail=0
00:00:24.544652 nspr-3   WARNING [COM]: aRC=NS_ERROR_FAILURE (0x80004005) aIID={afca788c-4477-787d-60b2-3fa70e56fbbc} aComponent={HostWrap} aText={VirtualBox is not currently allowed to access USB devices.  You can change this by adding your user to the 'vboxusers' group.  Please see the user manual for a more detailed explanation}, preserve=true  aResultDetail=0
00:00:24.549237 nspr-2   ERROR [COM]: aRC=NS_ERROR_FAILURE (0x80004005) aIID={b2547866-a0a1-4391-8b86-6952d82efaa0} aComponent={SessionMachine} aText={This machine does not have any snapshots}, preserve=false aResultDetail=0
00:00:24.619272 nspr-2   WARNING [COM]: aRC=NS_ERROR_FAILURE (0x80004005) aIID={afca788c-4477-787d-60b2-3fa70e56fbbc} aComponent={HostWrap} aText={VirtualBox is not currently allowed to access USB devices.  You can change this by adding your user to the 'vboxusers' group.  Please see the user manual for a more detailed explanation}, preserve=true  aResultDetail=0
00:00:24.619361 nspr-3   WARNING [COM]: aRC=NS_ERROR_FAILURE (0x80004005) aIID={afca788c-4477-787d-60b2-3fa70e56fbbc} aComponent={HostWrap} aText={VirtualBox is not currently allowed to access USB devices.  You can change this by adding your user to the 'vboxusers' group.  Please see the user manual for a more detailed explanation}, preserve=true  aResultDetail=0
00:00:24.624740 nspr-2   ERROR [COM]: aRC=NS_ERROR_FAILURE (0x80004005) aIID={b2547866-a0a1-4391-8b86-6952d82efaa0} aComponent={SessionMachine} aText={This machine does not have any snapshots}, preserve=false aResultDetail=0
00:00:24.704641 nspr-2   WARNING [COM]: aRC=NS_ERROR_FAILURE (0x80004005) aIID={afca788c-4477-787d-60b2-3fa70e56fbbc} aComponent={HostWrap} aText={VirtualBox is not currently allowed to access USB devices.  You can change this by adding your user to the 'vboxusers' group.  Please see the user manual for a more detailed explanation}, preserve=true  aResultDetail=0
00:00:24.704730 nspr-4   WARNING [COM]: aRC=NS_ERROR_FAILURE (0x80004005) aIID={afca788c-4477-787d-60b2-3fa70e56fbbc} aComponent={HostWrap} aText={VirtualBox is not currently allowed to access USB devices.  You can change this by adding your user to the 'vboxusers' group.  Please see the user manual for a more detailed explanation}, preserve=true  aResultDetail=0
00:00:24.719247 nspr-4   ERROR [COM]: aRC=NS_ERROR_FAILURE (0x80004005) aIID={b2547866-a0a1-4391-8b86-6952d82efaa0} aComponent={SessionMachine} aText={This machine does not have any snapshots}, preserve=false aResultDetail=0
00:00:24.743235 nspr-4   WARNING [COM]: aRC=NS_ERROR_FAILURE (0x80004005) aIID={afca788c-4477-787d-60b2-3fa70e56fbbc} aComponent={HostWrap} aText={VirtualBox is not currently allowed to access USB devices.  You can change this by adding your user to the 'vboxusers' group.  Please see the user manual for a more detailed explanation}, preserve=true  aResultDetail=0
00:00:24.743346 nspr-3   WARNING [COM]: aRC=NS_ERROR_FAILURE (0x80004005) aIID={afca788c-4477-787d-60b2-3fa70e56fbbc} aComponent={HostWrap} aText={VirtualBox is not currently allowed to access USB devices.  You can change this by adding your user to the 'vboxusers' group.  Please see the user manual for a more detailed explanation}, preserve=true  aResultDetail=0
00:00:24.756535 nspr-3   ERROR [COM]: aRC=NS_ERROR_FAILURE (0x80004005) aIID={b2547866-a0a1-4391-8b86-6952d82efaa0} aComponent={SessionMachine} aText={This machine does not have any snapshots}, preserve=false aResultDetail=0
00:00:24.809469 nspr-3   WARNING [COM]: aRC=NS_ERROR_FAILURE (0x80004005) aIID={afca788c-4477-787d-60b2-3fa70e56fbbc} aComponent={HostWrap} aText={VirtualBox is not currently allowed to access USB devices.  You can change this by adding your user to the 'vboxusers' group.  Please see the user manual for a more detailed explanation}, preserve=true  aResultDetail=0
00:00:24.809547 nspr-2   WARNING [COM]: aRC=NS_ERROR_FAILURE (0x80004005) aIID={afca788c-4477-787d-60b2-3fa70e56fbbc} aComponent={HostWrap} aText={VirtualBox is not currently allowed to access USB devices.  You can change this by adding your user to the 'vboxusers' group.  Please see the user manual for a more detailed explanation}, preserve=true  aResultDetail=0
00:00:24.815442 nspr-3   ERROR [COM]: aRC=NS_ERROR_FAILURE (0x80004005) aIID={b2547866-a0a1-4391-8b86-6952d82efaa0} aComponent={SessionMachine} aText={This machine does not have any snapshots}, preserve=false aResultDetail=0
00:00:24.884758 nspr-3   WARNING [COM]: aRC=NS_ERROR_FAILURE (0x80004005) aIID={afca788c-4477-787d-60b2-3fa70e56fbbc} aComponent={HostWrap} aText={VirtualBox is not currently allowed to access USB devices.  You can change this by adding your user to the 'vboxusers' group.  Please see the user manual for a more detailed explanation}, preserve=true  aResultDetail=0
00:00:24.884846 nspr-2   WARNING [COM]: aRC=NS_ERROR_FAILURE (0x80004005) aIID={afca788c-4477-787d-60b2-3fa70e56fbbc} aComponent={HostWrap} aText={VirtualBox is not currently allowed to access USB devices.  You can change this by adding your user to the 'vboxusers' group.  Please see the user manual for a more detailed explanation}, preserve=true  aResultDetail=0
00:00:24.889778 nspr-3   ERROR [COM]: aRC=NS_ERROR_FAILURE (0x80004005) aIID={b2547866-a0a1-4391-8b86-6952d82efaa0} aComponent={SessionMachine} aText={This machine does not have any snapshots}, preserve=false aResultDetail=0
00:00:24.945848 nspr-3   WARNING [COM]: aRC=NS_ERROR_FAILURE (0x80004005) aIID={afca788c-4477-787d-60b2-3fa70e56fbbc} aComponent={HostWrap} aText={VirtualBox is not currently allowed to access USB devices.  You can change this by adding your user to the 'vboxusers' group.  Please see the user manual for a more detailed explanation}, preserve=true  aResultDetail=0
00:00:24.945938 nspr-2   WARNING [COM]: aRC=NS_ERROR_FAILURE (0x80004005) aIID={afca788c-4477-787d-60b2-3fa70e56fbbc} aComponent={HostWrap} aText={VirtualBox is not currently allowed to access USB devices.  You can change this by adding your user to the 'vboxusers' group.  Please see the user manual for a more detailed explanation}, preserve=true  aResultDetail=0
00:00:24.958021 nspr-2   ERROR [COM]: aRC=NS_ERROR_FAILURE (0x80004005) aIID={b2547866-a0a1-4391-8b86-6952d82efaa0} aComponent={SessionMachine} aText={This machine does not have any snapshots}, preserve=false aResultDetail=0
00:00:25.008293 nspr-2   WARNING [COM]: aRC=NS_ERROR_FAILURE (0x80004005) aIID={afca788c-4477-787d-60b2-3fa70e56fbbc} aComponent={HostWrap} aText={VirtualBox is not currently allowed to access USB devices.  You can change this by adding your user to the 'vboxusers' group.  Please see the user manual for a more detailed explanation}, preserve=true  aResultDetail=0
00:00:25.008371 nspr-4   WARNING [COM]: aRC=NS_ERROR_FAILURE (0x80004005) aIID={afca788c-4477-787d-60b2-3fa70e56fbbc} aComponent={HostWrap} aText={VirtualBox is not currently allowed to access USB devices.  You can change this by adding your user to the 'vboxusers' group.  Please see the user manual for a more detailed explanation}, preserve=true  aResultDetail=0
00:00:25.017154 nspr-2   ERROR [COM]: aRC=NS_ERROR_FAILURE (0x80004005) aIID={b2547866-a0a1-4391-8b86-6952d82efaa0} aComponent={SessionMachine} aText={This machine does not have any snapshots}, preserve=false aResultDetail=0
00:00:25.828301 nspr-2   WARNING [COM]: aRC=NS_ERROR_FAILURE (0x80004005) aIID={afca788c-4477-787d-60b2-3fa70e56fbbc} aComponent={HostWrap} aText={VirtualBox is not currently allowed to access USB devices.  You can change this by adding your user to the 'vboxusers' group.  Please see the user manual for a more detailed explanation}, preserve=true  aResultDetail=0
00:00:25.828379 nspr-3   WARNING [COM]: aRC=NS_ERROR_FAILURE (0x80004005) aIID={afca788c-4477-787d-60b2-3fa70e56fbbc} aComponent={HostWrap} aText={VirtualBox is not currently allowed to access USB devices.  You can change this by adding your user to the 'vboxusers' group.  Please see the user manual for a more detailed explanation}, preserve=true  aResultDetail=0
00:00:25.832160 nspr-2   ERROR [COM]: aRC=NS_ERROR_FAILURE (0x80004005) aIID={b2547866-a0a1-4391-8b86-6952d82efaa0} aComponent={SessionMachine} aText={This machine does not have any snapshots}, preserve=false aResultDetail=0
00:00:27.744951 nspr-4   WARNING [COM]: aRC=NS_ERROR_FAILURE (0x80004005) aIID={afca788c-4477-787d-60b2-3fa70e56fbbc} aComponent={HostWrap} aText={VirtualBox is not currently allowed to access USB devices.  You can change this by adding your user to the 'vboxusers' group.  Please see the user manual for a more detailed explanation}, preserve=true  aResultDetail=0
00:00:27.745043 nspr-2   WARNING [COM]: aRC=NS_ERROR_FAILURE (0x80004005) aIID={afca788c-4477-787d-60b2-3fa70e56fbbc} aComponent={HostWrap} aText={VirtualBox is not currently allowed to access USB devices.  You can change this by adding your user to the 'vboxusers' group.  Please see the user manual for a more detailed explanation}, preserve=true  aResultDetail=0
00:00:27.749704 nspr-4   ERROR [COM]: aRC=NS_ERROR_FAILURE (0x80004005) aIID={b2547866-a0a1-4391-8b86-6952d82efaa0} aComponent={SessionMachine} aText={This machine does not have any snapshots}, preserve=false aResultDetail=0
00:00:28.640538 nspr-2   WARNING [COM]: aRC=NS_ERROR_FAILURE (0x80004005) aIID={afca788c-4477-787d-60b2-3fa70e56fbbc} aComponent={HostWrap} aText={VirtualBox is not currently allowed to access USB devices.  You can change this by adding your user to the 'vboxusers' group.  Please see the user manual for a more detailed explanation}, preserve=true  aResultDetail=0
00:00:28.640635 nspr-3   WARNING [COM]: aRC=NS_ERROR_FAILURE (0x80004005) aIID={afca788c-4477-787d-60b2-3fa70e56fbbc} aComponent={HostWrap} aText={VirtualBox is not currently allowed to access USB devices.  You can change this by adding your user to the 'vboxusers' group.  Please see the user manual for a more detailed explanation}, preserve=true  aResultDetail=0
00:00:28.645552 nspr-2   ERROR [COM]: aRC=NS_ERROR_FAILURE (0x80004005) aIID={b2547866-a0a1-4391-8b86-6952d82efaa0} aComponent={SessionMachine} aText={This machine does not have any snapshots}, preserve=false aResultDetail=0
00:00:28.703454 nspr-2   WARNING [COM]: aRC=NS_ERROR_FAILURE (0x80004005) aIID={afca788c-4477-787d-60b2-3fa70e56fbbc} aComponent={HostWrap} aText={VirtualBox is not currently allowed to access USB devices.  You can change this by adding your user to the 'vboxusers' group.  Please see the user manual for a more detailed explanation}, preserve=true  aResultDetail=0
00:00:28.703542 nspr-3   WARNING [COM]: aRC=NS_ERROR_FAILURE (0x80004005) aIID={afca788c-4477-787d-60b2-3fa70e56fbbc} aComponent={HostWrap} aText={VirtualBox is not currently allowed to access USB devices.  You can change this by adding your user to the 'vboxusers' group.  Please see the user manual for a more detailed explanation}, preserve=true  aResultDetail=0
00:00:28.707705 nspr-2   ERROR [COM]: aRC=NS_ERROR_FAILURE (0x80004005) aIID={b2547866-a0a1-4391-8b86-6952d82efaa0} aComponent={SessionMachine} aText={This machine does not have any snapshots}, preserve=false aResultDetail=0
00:00:28.811526 nspr-2   WARNING [COM]: aRC=NS_ERROR_FAILURE (0x80004005) aIID={afca788c-4477-787d-60b2-3fa70e56fbbc} aComponent={HostWrap} aText={VirtualBox is not currently allowed to access USB devices.  You can change this by adding your user to the 'vboxusers' group.  Please see the user manual for a more detailed explanation}, preserve=true  aResultDetail=0
00:00:28.811626 nspr-3   WARNING [COM]: aRC=NS_ERROR_FAILURE (0x80004005) aIID={afca788c-4477-787d-60b2-3fa70e56fbbc} aComponent={HostWrap} aText={VirtualBox is not currently allowed to access USB devices.  You can change this by adding your user to the 'vboxusers' group.  Please see the user manual for a more detailed explanation}, preserve=true  aResultDetail=0
00:00:28.817500 nspr-2   ERROR [COM]: aRC=NS_ERROR_FAILURE (0x80004005) aIID={b2547866-a0a1-4391-8b86-6952d82efaa0} aComponent={SessionMachine} aText={This machine does not have any snapshots}, preserve=false aResultDetail=0
00:00:29.436578 nspr-2   WARNING [COM]: aRC=NS_ERROR_FAILURE (0x80004005) aIID={afca788c-4477-787d-60b2-3fa70e56fbbc} aComponent={HostWrap} aText={VirtualBox is not currently allowed to access USB devices.  You can change this by adding your user to the 'vboxusers' group.  Please see the user manual for a more detailed explanation}, preserve=true  aResultDetail=0
00:00:29.436671 nspr-4   WARNING [COM]: aRC=NS_ERROR_FAILURE (0x80004005) aIID={afca788c-4477-787d-60b2-3fa70e56fbbc} aComponent={HostWrap} aText={VirtualBox is not currently allowed to access USB devices.  You can change this by adding your user to the 'vboxusers' group.  Please see the user manual for a more detailed explanation}, preserve=true  aResultDetail=0
00:00:29.441081 nspr-2   ERROR [COM]: aRC=NS_ERROR_FAILURE (0x80004005) aIID={b2547866-a0a1-4391-8b86-6952d82efaa0} aComponent={SessionMachine} aText={This machine does not have any snapshots}, preserve=false aResultDetail=0
00:00:32.206254 nspr-3   WARNING [COM]: aRC=NS_ERROR_FAILURE (0x80004005) aIID={afca788c-4477-787d-60b2-3fa70e56fbbc} aComponent={HostWrap} aText={VirtualBox is not currently allowed to access USB devices.  You can change this by adding your user to the 'vboxusers' group.  Please see the user manual for a more detailed explanation}, preserve=true  aResultDetail=0
00:00:32.206368 nspr-2   WARNING [COM]: aRC=NS_ERROR_FAILURE (0x80004005) aIID={afca788c-4477-787d-60b2-3fa70e56fbbc} aComponent={HostWrap} aText={VirtualBox is not currently allowed to access USB devices.  You can change this by adding your user to the 'vboxusers' group.  Please see the user manual for a more detailed explanation}, preserve=true  aResultDetail=0
00:00:32.213669 nspr-3   ERROR [COM]: aRC=NS_ERROR_FAILURE (0x80004005) aIID={b2547866-a0a1-4391-8b86-6952d82efaa0} aComponent={SessionMachine} aText={This machine does not have any snapshots}, preserve=false aResultDetail=0
00:00:32.274434 nspr-3   WARNING [COM]: aRC=NS_ERROR_FAILURE (0x80004005) aIID={afca788c-4477-787d-60b2-3fa70e56fbbc} aComponent={HostWrap} aText={VirtualBox is not currently allowed to access USB devices.  You can change this by adding your user to the 'vboxusers' group.  Please see the user manual for a more detailed explanation}, preserve=true  aResultDetail=0
00:00:32.274519 nspr-2   WARNING [COM]: aRC=NS_ERROR_FAILURE (0x80004005) aIID={afca788c-4477-787d-60b2-3fa70e56fbbc} aComponent={HostWrap} aText={VirtualBox is not currently allowed to access USB devices.  You can change this by adding your user to the 'vboxusers' group.  Please see the user manual for a more detailed explanation}, preserve=true  aResultDetail=0
00:00:32.281408 nspr-3   ERROR [COM]: aRC=NS_ERROR_FAILURE (0x80004005) aIID={b2547866-a0a1-4391-8b86-6952d82efaa0} aComponent={SessionMachine} aText={This machine does not have any snapshots}, preserve=false aResultDetail=0
00:01:11.925370 nspr-2   WARNING [COM]: aRC=NS_ERROR_FAILURE (0x80004005) aIID={afca788c-4477-787d-60b2-3fa70e56fbbc} aComponent={HostWrap} aText={VirtualBox is not currently allowed to access USB devices.  You can change this by adding your user to the 'vboxusers' group.  Please see the user manual for a more detailed explanation}, preserve=true  aResultDetail=0
00:01:11.946232 nspr-4   WARNING [COM]: aRC=NS_ERROR_FAILURE (0x80004005) aIID={afca788c-4477-787d-60b2-3fa70e56fbbc} aComponent={HostWrap} aText={VirtualBox is not currently allowed to access USB devices.  You can change this by adding your user to the 'vboxusers' group.  Please see the user manual for a more detailed explanation}, preserve=true  aResultDetail=0
00:01:11.950558 nspr-4   ERROR [COM]: aRC=NS_ERROR_FAILURE (0x80004005) aIID={b2547866-a0a1-4391-8b86-6952d82efaa0} aComponent={SessionMachine} aText={This machine does not have any snapshots}, preserve=false aResultDetail=0
00:01:11.999778 nspr-3   WARNING [COM]: aRC=NS_ERROR_FAILURE (0x80004005) aIID={afca788c-4477-787d-60b2-3fa70e56fbbc} aComponent={HostWrap} aText={VirtualBox is not currently allowed to access USB devices.  You can change this by adding your user to the 'vboxusers' group.  Please see the user manual for a more detailed explanation}, preserve=true  aResultDetail=0
00:01:11.999850 nspr-4   WARNING [COM]: aRC=NS_ERROR_FAILURE (0x80004005) aIID={afca788c-4477-787d-60b2-3fa70e56fbbc} aComponent={HostWrap} aText={VirtualBox is not currently allowed to access USB devices.  You can change this by adding your user to the 'vboxusers' group.  Please see the user manual for a more detailed explanation}, preserve=true  aResultDetail=0
00:01:12.004083 nspr-4   ERROR [COM]: aRC=NS_ERROR_FAILURE (0x80004005) aIID={b2547866-a0a1-4391-8b86-6952d82efaa0} aComponent={SessionMachine} aText={This machine does not have any snapshots}, preserve=false aResultDetail=0
00:01:12.254679 nspr-2   WARNING [COM]: aRC=NS_ERROR_FAILURE (0x80004005) aIID={afca788c-4477-787d-60b2-3fa70e56fbbc} aComponent={HostWrap} aText={VirtualBox is not currently allowed to access USB devices.  You can change this by adding your user to the 'vboxusers' group.  Please see the user manual for a more detailed explanation}, preserve=true  aResultDetail=0
00:01:12.254748 nspr-4   WARNING [COM]: aRC=NS_ERROR_FAILURE (0x80004005) aIID={afca788c-4477-787d-60b2-3fa70e56fbbc} aComponent={HostWrap} aText={VirtualBox is not currently allowed to access USB devices.  You can change this by adding your user to the 'vboxusers' group.  Please see the user manual for a more detailed explanation}, preserve=true  aResultDetail=0
00:01:12.258761 nspr-4   ERROR [COM]: aRC=NS_ERROR_FAILURE (0x80004005) aIID={b2547866-a0a1-4391-8b86-6952d82efaa0} aComponent={SessionMachine} aText={This machine does not have any snapshots}, preserve=false aResultDetail=0
00:01:12.305977 nspr-3   WARNING [COM]: aRC=NS_ERROR_FAILURE (0x80004005) aIID={afca788c-4477-787d-60b2-3fa70e56fbbc} aComponent={HostWrap} aText={VirtualBox is not currently allowed to access USB devices.  You can change this by adding your user to the 'vboxusers' group.  Please see the user manual for a more detailed explanation}, preserve=true  aResultDetail=0
00:01:12.306048 nspr-4   WARNING [COM]: aRC=NS_ERROR_FAILURE (0x80004005) aIID={afca788c-4477-787d-60b2-3fa70e56fbbc} aComponent={HostWrap} aText={VirtualBox is not currently allowed to access USB devices.  You can change this by adding your user to the 'vboxusers' group.  Please see the user manual for a more detailed explanation}, preserve=true  aResultDetail=0
00:01:12.309711 nspr-4   ERROR [COM]: aRC=NS_ERROR_FAILURE (0x80004005) aIID={b2547866-a0a1-4391-8b86-6952d82efaa0} aComponent={SessionMachine} aText={This machine does not have any snapshots}, preserve=false aResultDetail=0
00:01:12.358411 nspr-4   WARNING [COM]: aRC=NS_ERROR_FAILURE (0x80004005) aIID={afca788c-4477-787d-60b2-3fa70e56fbbc} aComponent={HostWrap} aText={VirtualBox is not currently allowed to access USB devices.  You can change this by adding your user to the 'vboxusers' group.  Please see the user manual for a more detailed explanation}, preserve=true  aResultDetail=0
00:01:12.358486 nspr-2   WARNING [COM]: aRC=NS_ERROR_FAILURE (0x80004005) aIID={afca788c-4477-787d-60b2-3fa70e56fbbc} aComponent={HostWrap} aText={VirtualBox is not currently allowed to access USB devices.  You can change this by adding your user to the 'vboxusers' group.  Please see the user manual for a more detailed explanation}, preserve=true  aResultDetail=0
00:01:12.363184 nspr-2   ERROR [COM]: aRC=NS_ERROR_FAILURE (0x80004005) aIID={b2547866-a0a1-4391-8b86-6952d82efaa0} aComponent={SessionMachine} aText={This machine does not have any snapshots}, preserve=false aResultDetail=0
00:01:12.407672 nspr-2   WARNING [COM]: aRC=NS_ERROR_FAILURE (0x80004005) aIID={afca788c-4477-787d-60b2-3fa70e56fbbc} aComponent={HostWrap} aText={VirtualBox is not currently allowed to access USB devices.  You can change this by adding your user to the 'vboxusers' group.  Please see the user manual for a more detailed explanation}, preserve=true  aResultDetail=0
00:01:12.407737 nspr-3   WARNING [COM]: aRC=NS_ERROR_FAILURE (0x80004005) aIID={afca788c-4477-787d-60b2-3fa70e56fbbc} aComponent={HostWrap} aText={VirtualBox is not currently allowed to access USB devices.  You can change this by adding your user to the 'vboxusers' group.  Please see the user manual for a more detailed explanation}, preserve=true  aResultDetail=0
00:01:12.412257 nspr-3   ERROR [COM]: aRC=NS_ERROR_FAILURE (0x80004005) aIID={b2547866-a0a1-4391-8b86-6952d82efaa0} aComponent={SessionMachine} aText={This machine does not have any snapshots}, preserve=false aResultDetail=0
00:01:12.466796 nspr-3   WARNING [COM]: aRC=NS_ERROR_FAILURE (0x80004005) aIID={afca788c-4477-787d-60b2-3fa70e56fbbc} aComponent={HostWrap} aText={VirtualBox is not currently allowed to access USB devices.  You can change this by adding your user to the 'vboxusers' group.  Please see the user manual for a more detailed explanation}, preserve=true  aResultDetail=0
00:01:12.466885 nspr-4   WARNING [COM]: aRC=NS_ERROR_FAILURE (0x80004005) aIID={afca788c-4477-787d-60b2-3fa70e56fbbc} aComponent={HostWrap} aText={VirtualBox is not currently allowed to access USB devices.  You can change this by adding your user to the 'vboxusers' group.  Please see the user manual for a more detailed explanation}, preserve=true  aResultDetail=0
00:01:12.472293 nspr-4   ERROR [COM]: aRC=NS_ERROR_FAILURE (0x80004005) aIID={b2547866-a0a1-4391-8b86-6952d82efaa0} aComponent={SessionMachine} aText={This machine does not have any snapshots}, preserve=false aResultDetail=0
